ISim log file
Running: /home/r/git/acPEPE/tb_motherBoard_isim_beh.exe -intstyle ise -gui -tclbatch isim.cmd -wdb /home/r/git/acPEPE/tb_motherBoard_isim_beh.wdb 
ISim P.20131013 (signature 0xfbc00daa)
WARNING: A WEBPACK license was found.
WARNING: Please use Xilinx License Configuration Manager to check out a full ISim license.
WARNING: ISim will run in Lite mode. Please refer to the ISim documentation for more information on the differences between the Lite and the Full version.
This is a Lite version of ISim.
Time resolution is 1 ps
# onerror resume
# wave add /
# run 1000 ns
Simulator is doing circuit initialization process.
Finished circuit initialization process.
at 5 ns(1), Instance /tb_motherboard/uut/A1/E1/ : Warning: There is an 'U'|'X'|'W'|'Z'|'-' in an arithmetic operand, the result will be 'X'(es).
at 5 ns(1), Instance /tb_motherboard/uut/B1/ : Warning: NUMERIC_STD.TO_INTEGER: metavalue detected, returning 0
at 10 ns(1), Instance /tb_motherboard/uut/B1/ : Warning: NUMERIC_STD.TO_INTEGER: metavalue detected, returning 0
at 15 ns(1), Instance /tb_motherboard/uut/B1/ : Warning: NUMERIC_STD.TO_INTEGER: metavalue detected, returning 0
at 20 ns(1), Instance /tb_motherboard/uut/B1/ : Warning: NUMERIC_STD.TO_INTEGER: metavalue detected, returning 0
at 25 ns(1), Instance /tb_motherboard/uut/B1/ : Warning: NUMERIC_STD.TO_INTEGER: metavalue detected, returning 0
at 30 ns(1), Instance /tb_motherboard/uut/B1/ : Warning: NUMERIC_STD.TO_INTEGER: metavalue detected, returning 0
at 35 ns(1), Instance /tb_motherboard/uut/B1/ : Warning: NUMERIC_STD.TO_INTEGER: metavalue detected, returning 0
at 40 ns(1), Instance /tb_motherboard/uut/B1/ : Warning: NUMERIC_STD.TO_INTEGER: metavalue detected, returning 0
at 45 ns(1), Instance /tb_motherboard/uut/B1/ : Warning: NUMERIC_STD.TO_INTEGER: metavalue detected, returning 0
at 50 ns(1), Instance /tb_motherboard/uut/B1/ : Warning: NUMERIC_STD.TO_INTEGER: metavalue detected, returning 0
at 55 ns(1), Instance /tb_motherboard/uut/B1/ : Warning: NUMERIC_STD.TO_INTEGER: metavalue detected, returning 0
at 120 ns(1), Instance /tb_motherboard/uut/B1/ : Warning: NUMERIC_STD.TO_INTEGER: metavalue detected, returning 0
at 125 ns(1), Instance /tb_motherboard/uut/B1/ : Warning: NUMERIC_STD.TO_INTEGER: metavalue detected, returning 0
at 160 ns(1), Instance /tb_motherboard/uut/B1/ : Warning: NUMERIC_STD.TO_INTEGER: metavalue detected, returning 0
at 165 ns(1), Instance /tb_motherboard/uut/B1/ : Warning: NUMERIC_STD.TO_INTEGER: metavalue detected, returning 0
at 170 ns(1), Instance /tb_motherboard/uut/B1/ : Warning: NUMERIC_STD.TO_INTEGER: metavalue detected, returning 0
at 175 ns(1), Instance /tb_motherboard/uut/B1/ : Warning: NUMERIC_STD.TO_INTEGER: metavalue detected, returning 0
at 180 ns(1), Instance /tb_motherboard/uut/B1/ : Warning: NUMERIC_STD.TO_INTEGER: metavalue detected, returning 0
at 185 ns(1), Instance /tb_motherboard/uut/B1/ : Warning: NUMERIC_STD.TO_INTEGER: metavalue detected, returning 0
at 210 ns(1), Instance /tb_motherboard/uut/B1/ : Warning: NUMERIC_STD.TO_INTEGER: metavalue detected, returning 0
at 215 ns(1), Instance /tb_motherboard/uut/B1/ : Warning: NUMERIC_STD.TO_INTEGER: metavalue detected, returning 0
at 220 ns(1), Instance /tb_motherboard/uut/B1/ : Warning: NUMERIC_STD.TO_INTEGER: metavalue detected, returning 0
at 225 ns(1), Instance /tb_motherboard/uut/B1/ : Warning: NUMERIC_STD.TO_INTEGER: metavalue detected, returning 0
at 230 ns(1), Instance /tb_motherboard/uut/B1/ : Warning: NUMERIC_STD.TO_INTEGER: metavalue detected, returning 0
at 235 ns(1), Instance /tb_motherboard/uut/B1/ : Warning: NUMERIC_STD.TO_INTEGER: metavalue detected, returning 0
at 260 ns(1), Instance /tb_motherboard/uut/B1/ : Warning: NUMERIC_STD.TO_INTEGER: metavalue detected, returning 0
at 265 ns(1), Instance /tb_motherboard/uut/B1/ : Warning: NUMERIC_STD.TO_INTEGER: metavalue detected, returning 0
at 270 ns(1), Instance /tb_motherboard/uut/B1/ : Warning: NUMERIC_STD.TO_INTEGER: metavalue detected, returning 0
at 275 ns(1), Instance /tb_motherboard/uut/B1/ : Warning: NUMERIC_STD.TO_INTEGER: metavalue detected, returning 0
at 280 ns(1), Instance /tb_motherboard/uut/B1/ : Warning: NUMERIC_STD.TO_INTEGER: metavalue detected, returning 0
at 285 ns(1), Instance /tb_motherboard/uut/B1/ : Warning: NUMERIC_STD.TO_INTEGER: metavalue detected, returning 0
at 310 ns(1), Instance /tb_motherboard/uut/B1/ : Warning: NUMERIC_STD.TO_INTEGER: metavalue detected, returning 0
at 315 ns(1), Instance /tb_motherboard/uut/B1/ : Warning: NUMERIC_STD.TO_INTEGER: metavalue detected, returning 0
at 320 ns(1), Instance /tb_motherboard/uut/B1/ : Warning: NUMERIC_STD.TO_INTEGER: metavalue detected, returning 0
at 325 ns(1), Instance /tb_motherboard/uut/B1/ : Warning: NUMERIC_STD.TO_INTEGER: metavalue detected, returning 0
at 330 ns(1), Instance /tb_motherboard/uut/B1/ : Warning: NUMERIC_STD.TO_INTEGER: metavalue detected, returning 0
at 335 ns(1), Instance /tb_motherboard/uut/B1/ : Warning: NUMERIC_STD.TO_INTEGER: metavalue detected, returning 0
at 360 ns(1), Instance /tb_motherboard/uut/B1/ : Warning: NUMERIC_STD.TO_INTEGER: metavalue detected, returning 0
at 365 ns(1), Instance /tb_motherboard/uut/B1/ : Warning: NUMERIC_STD.TO_INTEGER: metavalue detected, returning 0
at 370 ns(1), Instance /tb_motherboard/uut/B1/ : Warning: NUMERIC_STD.TO_INTEGER: metavalue detected, returning 0
at 375 ns(1), Instance /tb_motherboard/uut/B1/ : Warning: NUMERIC_STD.TO_INTEGER: metavalue detected, returning 0
at 380 ns(1), Instance /tb_motherboard/uut/B1/ : Warning: NUMERIC_STD.TO_INTEGER: metavalue detected, returning 0
at 385 ns(1), Instance /tb_motherboard/uut/B1/ : Warning: NUMERIC_STD.TO_INTEGER: metavalue detected, returning 0
at 410 ns(1), Instance /tb_motherboard/uut/B1/ : Warning: NUMERIC_STD.TO_INTEGER: metavalue detected, returning 0
at 415 ns(1), Instance /tb_motherboard/uut/B1/ : Warning: NUMERIC_STD.TO_INTEGER: metavalue detected, returning 0
at 420 ns(1), Instance /tb_motherboard/uut/B1/ : Warning: NUMERIC_STD.TO_INTEGER: metavalue detected, returning 0
at 425 ns(1), Instance /tb_motherboard/uut/B1/ : Warning: NUMERIC_STD.TO_INTEGER: metavalue detected, returning 0
at 430 ns(1), Instance /tb_motherboard/uut/B1/ : Warning: NUMERIC_STD.TO_INTEGER: metavalue detected, returning 0
at 435 ns(1), Instance /tb_motherboard/uut/B1/ : Warning: NUMERIC_STD.TO_INTEGER: metavalue detected, returning 0
at 460 ns(1), Instance /tb_motherboard/uut/B1/ : Warning: NUMERIC_STD.TO_INTEGER: metavalue detected, returning 0
at 465 ns(1), Instance /tb_motherboard/uut/B1/ : Warning: NUMERIC_STD.TO_INTEGER: metavalue detected, returning 0
at 470 ns(1), Instance /tb_motherboard/uut/B1/ : Warning: NUMERIC_STD.TO_INTEGER: metavalue detected, returning 0
at 475 ns(1), Instance /tb_motherboard/uut/B1/ : Warning: NUMERIC_STD.TO_INTEGER: metavalue detected, returning 0
at 480 ns(1), Instance /tb_motherboard/uut/B1/ : Warning: NUMERIC_STD.TO_INTEGER: metavalue detected, returning 0
at 485 ns(1), Instance /tb_motherboard/uut/B1/ : Warning: NUMERIC_STD.TO_INTEGER: metavalue detected, returning 0
ISim P.20131013 (signature 0xfbc00daa)
WARNING: A WEBPACK license was found.
WARNING: Please use Xilinx License Configuration Manager to check out a full ISim license.
WARNING: ISim will run in Lite mode. Please refer to the ISim documentation for more information on the differences between the Lite and the Full version.
This is a Lite version of ISim.
# run 1000 ns
Simulator is doing circuit initialization process.
Finished circuit initialization process.
at 5 ns(1), Instance /tb_motherboard/uut/A1/E1/ : Warning: There is an 'U'|'X'|'W'|'Z'|'-' in an arithmetic operand, the result will be 'X'(es).
at 5 ns(1), Instance /tb_motherboard/uut/B1/ : Warning: NUMERIC_STD.TO_INTEGER: metavalue detected, returning 0
at 10 ns(1), Instance /tb_motherboard/uut/B1/ : Warning: NUMERIC_STD.TO_INTEGER: metavalue detected, returning 0
at 15 ns(1), Instance /tb_motherboard/uut/B1/ : Warning: NUMERIC_STD.TO_INTEGER: metavalue detected, returning 0
at 20 ns(1), Instance /tb_motherboard/uut/B1/ : Warning: NUMERIC_STD.TO_INTEGER: metavalue detected, returning 0
at 25 ns(1), Instance /tb_motherboard/uut/B1/ : Warning: NUMERIC_STD.TO_INTEGER: metavalue detected, returning 0
at 30 ns(1), Instance /tb_motherboard/uut/B1/ : Warning: NUMERIC_STD.TO_INTEGER: metavalue detected, returning 0
at 35 ns(1), Instance /tb_motherboard/uut/B1/ : Warning: NUMERIC_STD.TO_INTEGER: metavalue detected, returning 0
at 40 ns(1), Instance /tb_motherboard/uut/B1/ : Warning: NUMERIC_STD.TO_INTEGER: metavalue detected, returning 0
at 45 ns(1), Instance /tb_motherboard/uut/B1/ : Warning: NUMERIC_STD.TO_INTEGER: metavalue detected, returning 0
at 50 ns(1), Instance /tb_motherboard/uut/B1/ : Warning: NUMERIC_STD.TO_INTEGER: metavalue detected, returning 0
at 55 ns(1), Instance /tb_motherboard/uut/B1/ : Warning: NUMERIC_STD.TO_INTEGER: metavalue detected, returning 0
at 120 ns(1), Instance /tb_motherboard/uut/B1/ : Warning: NUMERIC_STD.TO_INTEGER: metavalue detected, returning 0
at 125 ns(1), Instance /tb_motherboard/uut/B1/ : Warning: NUMERIC_STD.TO_INTEGER: metavalue detected, returning 0
at 160 ns(1), Instance /tb_motherboard/uut/B1/ : Warning: NUMERIC_STD.TO_INTEGER: metavalue detected, returning 0
at 165 ns(1), Instance /tb_motherboard/uut/B1/ : Warning: NUMERIC_STD.TO_INTEGER: metavalue detected, returning 0
at 170 ns(1), Instance /tb_motherboard/uut/B1/ : Warning: NUMERIC_STD.TO_INTEGER: metavalue detected, returning 0
at 175 ns(1), Instance /tb_motherboard/uut/B1/ : Warning: NUMERIC_STD.TO_INTEGER: metavalue detected, returning 0
at 180 ns(1), Instance /tb_motherboard/uut/B1/ : Warning: NUMERIC_STD.TO_INTEGER: metavalue detected, returning 0
at 185 ns(1), Instance /tb_motherboard/uut/B1/ : Warning: NUMERIC_STD.TO_INTEGER: metavalue detected, returning 0
at 210 ns(1), Instance /tb_motherboard/uut/B1/ : Warning: NUMERIC_STD.TO_INTEGER: metavalue detected, returning 0
at 215 ns(1), Instance /tb_motherboard/uut/B1/ : Warning: NUMERIC_STD.TO_INTEGER: metavalue detected, returning 0
at 220 ns(1), Instance /tb_motherboard/uut/B1/ : Warning: NUMERIC_STD.TO_INTEGER: metavalue detected, returning 0
at 225 ns(1), Instance /tb_motherboard/uut/B1/ : Warning: NUMERIC_STD.TO_INTEGER: metavalue detected, returning 0
at 230 ns(1), Instance /tb_motherboard/uut/B1/ : Warning: NUMERIC_STD.TO_INTEGER: metavalue detected, returning 0
at 235 ns(1), Instance /tb_motherboard/uut/B1/ : Warning: NUMERIC_STD.TO_INTEGER: metavalue detected, returning 0
at 260 ns(1), Instance /tb_motherboard/uut/B1/ : Warning: NUMERIC_STD.TO_INTEGER: metavalue detected, returning 0
at 265 ns(1), Instance /tb_motherboard/uut/B1/ : Warning: NUMERIC_STD.TO_INTEGER: metavalue detected, returning 0
at 270 ns(1), Instance /tb_motherboard/uut/B1/ : Warning: NUMERIC_STD.TO_INTEGER: metavalue detected, returning 0
at 275 ns(1), Instance /tb_motherboard/uut/B1/ : Warning: NUMERIC_STD.TO_INTEGER: metavalue detected, returning 0
at 280 ns(1), Instance /tb_motherboard/uut/B1/ : Warning: NUMERIC_STD.TO_INTEGER: metavalue detected, returning 0
at 285 ns(1), Instance /tb_motherboard/uut/B1/ : Warning: NUMERIC_STD.TO_INTEGER: metavalue detected, returning 0
at 310 ns(1), Instance /tb_motherboard/uut/B1/ : Warning: NUMERIC_STD.TO_INTEGER: metavalue detected, returning 0
at 315 ns(1), Instance /tb_motherboard/uut/B1/ : Warning: NUMERIC_STD.TO_INTEGER: metavalue detected, returning 0
at 320 ns(1), Instance /tb_motherboard/uut/B1/ : Warning: NUMERIC_STD.TO_INTEGER: metavalue detected, returning 0
at 325 ns(1), Instance /tb_motherboard/uut/B1/ : Warning: NUMERIC_STD.TO_INTEGER: metavalue detected, returning 0
at 330 ns(1), Instance /tb_motherboard/uut/B1/ : Warning: NUMERIC_STD.TO_INTEGER: metavalue detected, returning 0
at 335 ns(1), Instance /tb_motherboard/uut/B1/ : Warning: NUMERIC_STD.TO_INTEGER: metavalue detected, returning 0
at 360 ns(1), Instance /tb_motherboard/uut/B1/ : Warning: NUMERIC_STD.TO_INTEGER: metavalue detected, returning 0
at 365 ns(1), Instance /tb_motherboard/uut/B1/ : Warning: NUMERIC_STD.TO_INTEGER: metavalue detected, returning 0
at 370 ns(1), Instance /tb_motherboard/uut/B1/ : Warning: NUMERIC_STD.TO_INTEGER: metavalue detected, returning 0
at 375 ns(1), Instance /tb_motherboard/uut/B1/ : Warning: NUMERIC_STD.TO_INTEGER: metavalue detected, returning 0
at 380 ns(1), Instance /tb_motherboard/uut/B1/ : Warning: NUMERIC_STD.TO_INTEGER: metavalue detected, returning 0
at 385 ns(1), Instance /tb_motherboard/uut/B1/ : Warning: NUMERIC_STD.TO_INTEGER: metavalue detected, returning 0
at 410 ns(1), Instance /tb_motherboard/uut/B1/ : Warning: NUMERIC_STD.TO_INTEGER: metavalue detected, returning 0
at 415 ns(1), Instance /tb_motherboard/uut/B1/ : Warning: NUMERIC_STD.TO_INTEGER: metavalue detected, returning 0
at 420 ns(1), Instance /tb_motherboard/uut/B1/ : Warning: NUMERIC_STD.TO_INTEGER: metavalue detected, returning 0
at 425 ns(1), Instance /tb_motherboard/uut/B1/ : Warning: NUMERIC_STD.TO_INTEGER: metavalue detected, returning 0
at 430 ns(1), Instance /tb_motherboard/uut/B1/ : Warning: NUMERIC_STD.TO_INTEGER: metavalue detected, returning 0
at 435 ns(1), Instance /tb_motherboard/uut/B1/ : Warning: NUMERIC_STD.TO_INTEGER: metavalue detected, returning 0
at 460 ns(1), Instance /tb_motherboard/uut/B1/ : Warning: NUMERIC_STD.TO_INTEGER: metavalue detected, returning 0
at 465 ns(1), Instance /tb_motherboard/uut/B1/ : Warning: NUMERIC_STD.TO_INTEGER: metavalue detected, returning 0
at 470 ns(1), Instance /tb_motherboard/uut/B1/ : Warning: NUMERIC_STD.TO_INTEGER: metavalue detected, returning 0
at 475 ns(1), Instance /tb_motherboard/uut/B1/ : Warning: NUMERIC_STD.TO_INTEGER: metavalue detected, returning 0
at 480 ns(1), Instance /tb_motherboard/uut/B1/ : Warning: NUMERIC_STD.TO_INTEGER: metavalue detected, returning 0
at 485 ns(1), Instance /tb_motherboard/uut/B1/ : Warning: NUMERIC_STD.TO_INTEGER: metavalue detected, returning 0
# exit 0
